============================= test session starts ==============================
platform linux -- Python 3.11.15, pytest-9.1.1, pluggy-1.6.0 -- /home/barami/projects/Fath_Autopilot/.venv/bin/python
rootdir: /home/barami/projects/Fath_Autopilot
configfile: pyproject.toml
testpaths: src/fath/tests
plugins: asyncio-1.4.0
asyncio: mode=Mode.AUTO, debug=False, asyncio_default_fixture_loop_scope=session, asyncio_default_test_loop_scope=function
collecting ... collected 145 items

src/fath/tests/integration/test_audit_log.py::test_append_signature_uses_docs15_names PASSED [  0%]
src/fath/tests/integration/test_audit_log.py::test_audit_modules_forbid_listeners_and_create_task PASSED [  1%]
src/fath/tests/integration/test_audit_log.py::test_requires_open_transaction PASSED [  2%]
src/fath/tests/integration/test_audit_log.py::test_three_row_chain_and_property_recompute PASSED [  2%]
src/fath/tests/integration/test_audit_log.py::test_caller_rollback_drops_audit_row PASSED [  3%]
src/fath/tests/integration/test_audit_log.py::test_windowed_recent_verification_healthy_then_in_window_tamper PASSED [  4%]
src/fath/tests/integration/test_audit_log.py::test_window_reaching_chain_head_rejects_rewritten_anchor PASSED [  4%]
src/fath/tests/integration/test_audit_log.py::test_windowed_verification_detects_tampered_seed_outside_window PASSED [  5%]
src/fath/tests/integration/test_audit_log.py::test_verify_recent_chain_rejects_negative_window PASSED [  6%]
src/fath/tests/integration/test_audit_log.py::test_gap_tolerant_after_nested_rollback PASSED [  6%]
src/fath/tests/integration/test_audit_log.py::test_jsonb_stable_vectors_and_rejects PASSED [  7%]
src/fath/tests/integration/test_audit_log.py::test_occurred_at_timestamptz_round_trip PASSED [  8%]
src/fath/tests/integration/test_audit_log.py::test_update_and_delete_raise PASSED [  8%]
src/fath/tests/integration/test_audit_log.py::test_tamper_covered_field_with_trigger_disabled PASSED [  9%]
src/fath/tests/integration/test_audit_log.py::test_exclusive_lock_visible_to_second_connection PASSED [ 10%]
src/fath/tests/integration/test_audit_log.py::test_fact_inserted_rejected_as_action_type PASSED [ 11%]
src/fath/tests/integration/test_audit_log.py::test_cli_recent_on_empty_database PASSED [ 11%]
src/fath/tests/integration/test_comment_separated_dml.py::test_comment_separated_insert_delete_executes_and_is_detected PASSED [ 12%]
src/fath/tests/integration/test_extensions.py::test_a2_postgres_major_and_extensions PASSED [ 13%]
src/fath/tests/integration/test_extensions.py::test_a2_redis_major_7 PASSED [ 13%]
src/fath/tests/integration/test_extensions.py::test_a11_vector_hnsw_roundtrip PASSED [ 14%]
src/fath/tests/integration/test_extensions.py::test_a11_age_graph_cypher PASSED [ 15%]
src/fath/tests/integration/test_qualified_copy_update_dml.py::test_qualified_copy_from_program_executes_is_concealed_and_is_detected PASSED [ 15%]
src/fath/tests/integration/test_qualified_copy_update_dml.py::test_update_only_set_executes_live_and_is_detected PASSED [ 16%]
src/fath/tests/integration/test_schema_oracle.py::test_a4_expected_schema PASSED [ 17%]
src/fath/tests/integration/test_schema_oracle.py::test_negative_bogus_status PASSED [ 17%]
src/fath/tests/integration/test_schema_oracle.py::test_negative_null_slug PASSED [ 18%]
src/fath/tests/integration/test_schema_oracle.py::test_negative_duplicate_slug PASSED [ 19%]
src/fath/tests/integration/test_schema_oracle.py::test_negative_duplicate_source_id PASSED [ 20%]
src/fath/tests/integration/test_schema_oracle.py::test_negative_reliability_prior_out_of_range[-0.001] PASSED [ 20%]
src/fath/tests/integration/test_schema_oracle.py::test_negative_reliability_prior_out_of_range[1.001] PASSED [ 21%]
src/fath/tests/integration/test_schema_oracle.py::test_source_id_update_raises_trigger PASSED [ 22%]
src/fath/tests/integration/test_schema_oracle.py::test_zero_rows_after_negative_tests PASSED [ 22%]
src/fath/tests/integration/test_schema_oracle.py::test_a4_rejects_extra_predicate_definition PASSED [ 23%]
src/fath/tests/integration/test_schema_oracle.py::test_a4_rejects_wrong_column_definition PASSED [ 24%]
src/fath/tests/integration/test_schema_oracle.py::test_a4_rejects_extra_predicate_and_wrong_column_in_disposable_schema PASSED [ 24%]
src/fath/tests/integration/test_schema_oracle.py::test_a4_rejects_self_referential_enum_definition PASSED [ 25%]
src/fath/tests/integration/test_schema_oracle.py::test_a4_rejects_nonconstant_enum_array_definition[lower_function] PASSED [ 26%]
src/fath/tests/integration/test_schema_oracle.py::test_a4_rejects_nonconstant_enum_array_definition[null_element] PASSED [ 26%]
src/fath/tests/integration/test_schema_oracle.py::test_a4_rejects_self_referential_and_nonconstant_enum_in_disposable_schema PASSED [ 27%]
src/fath/tests/unit/test_a13_scans.py::test_a13a_authoritative_literal_scan_is_clean PASSED [ 28%]
src/fath/tests/unit/test_a13_scans.py::test_a13b_i_no_registry_writes_outside_migrations_and_tests PASSED [ 28%]
src/fath/tests/unit/test_a13_scans.py::test_a13c_import_discipline PASSED [ 29%]
src/fath/tests/unit/test_a13_scans.py::test_a13d_fixture_syntheticity PASSED [ 30%]
src/fath/tests/unit/test_a13_scans.py::test_no_seed_artifact_paths PASSED [ 31%]
src/fath/tests/unit/test_a13_scans.py::test_a8_amendment_001_scan PASSED [ 31%]
src/fath/tests/unit/test_a13_scans.py::test_env_example_placeholders_only PASSED [ 32%]
src/fath/tests/unit/test_a13_scans.py::test_env_is_gitignored PASSED     [ 33%]
src/fath/tests/unit/test_audit_hash.py::test_genesis_previous_hash_is_64_zero_hex PASSED [ 33%]
src/fath/tests/unit/test_audit_hash.py::test_canonical_json_bytes_sorted_compact_ascii PASSED [ 34%]
src/fath/tests/unit/test_audit_hash.py::test_non_ascii_uses_ensure_ascii_escapes PASSED [ 35%]
src/fath/tests/unit/test_audit_hash.py::test_codec_round_trip_rejects_mismatch PASSED [ 35%]
src/fath/tests/unit/test_audit_hash.py::test_signed_zero_rejected PASSED [ 36%]
src/fath/tests/unit/test_audit_hash.py::test_exponent_form_float_rejected PASSED [ 37%]
src/fath/tests/unit/test_audit_hash.py::test_nan_and_infinity_rejected PASSED [ 37%]
src/fath/tests/unit/test_audit_hash.py::test_int_greater_than_float53_stays_integer_text PASSED [ 38%]
src/fath/tests/unit/test_audit_hash.py::test_non_json_native_payload_rejected PASSED [ 39%]
src/fath/tests/unit/test_audit_hash.py::test_none_uuid_is_empty_string PASSED [ 40%]
src/fath/tests/unit/test_audit_hash.py::test_uuid_is_lowercase_hyphenated PASSED [ 40%]
src/fath/tests/unit/test_audit_hash.py::test_occurred_at_isoformat_zero_and_microseconds PASSED [ 41%]
src/fath/tests/unit/test_audit_hash.py::test_naive_occurred_at_rejected PASSED [ 42%]
src/fath/tests/unit/test_audit_hash.py::test_payload_hash_is_sha256_of_canonical_bytes PASSED [ 42%]
src/fath/tests/unit/test_audit_hash.py::test_row_hash_genesis_vector PASSED [ 43%]
src/fath/tests/unit/test_audit_hash.py::test_verify_chain_empty_and_single_genesis PASSED [ 44%]
src/fath/tests/unit/test_audit_hash.py::test_verify_chain_is_gap_tolerant PASSED [ 44%]
src/fath/tests/unit/test_audit_hash.py::test_verify_recomputes_from_stored_values_not_stored_hashes PASSED [ 45%]
src/fath/tests/unit/test_audit_hash.py::test_tamper_of_covered_actor_id_is_detected PASSED [ 46%]
src/fath/tests/unit/test_audit_hash.py::test_uncovered_actor_type_does_not_change_row_hash PASSED [ 46%]
src/fath/tests/unit/test_audit_hash.py::test_verify_chain_mid_window_without_seed_still_requires_genesis PASSED [ 47%]
src/fath/tests/unit/test_audit_hash.py::test_window_includes_genesis_still_enforces_genesis_seed PASSED [ 48%]
src/fath/tests/unit/test_audit_hash.py::test_mid_chain_window_with_correct_predecessor_seed_passes PASSED [ 48%]
src/fath/tests/unit/test_audit_hash.py::test_mid_chain_window_with_tampered_seed_row_fails PASSED [ 49%]
src/fath/tests/unit/test_audit_hash.py::test_single_row_window_passes PASSED [ 50%]
src/fath/tests/unit/test_audit_hash.py::test_chain_head_predecessor_still_requires_genesis PASSED [ 51%]
src/fath/tests/unit/test_audit_hash.py::test_genuine_chain_head_predecessor_passes_genesis_check PASSED [ 51%]
src/fath/tests/unit/test_audit_hash.py::test_mid_chain_predecessor_does_not_require_genesis PASSED [ 52%]
src/fath/tests/unit/test_audit_log_contract.py::test_exactly_fifteen_action_types_and_no_fact_inserted PASSED [ 53%]
src/fath/tests/unit/test_audit_log_contract.py::test_unknown_action_type_rejected PASSED [ 53%]
src/fath/tests/unit/test_audit_log_contract.py::test_actor_type_literal PASSED [ 54%]
src/fath/tests/unit/test_audit_log_contract.py::test_target_object_id_optional_uuid PASSED [ 55%]
src/fath/tests/unit/test_audit_log_contract.py::test_fourteen_field_names PASSED [ 55%]
src/fath/tests/unit/test_dependency_contract.py::test_mypy_config_does_not_exclude_tests PASSED [ 56%]
src/fath/tests/unit/test_dependency_contract.py::test_requires_python_is_311_band PASSED [ 57%]
src/fath/tests/unit/test_dependency_contract.py::test_running_interpreter_is_311 PASSED [ 57%]
src/fath/tests/unit/test_dependency_contract.py::test_ci_a14_binds_uv_managed_python_before_bare_python_assert PASSED [ 58%]
src/fath/tests/unit/test_dependency_contract.py::test_dependency_contract_names_and_versions PASSED [ 59%]
src/fath/tests/unit/test_dependency_contract.py::test_prohibited_names_absent_from_pyproject_and_lock PASSED [ 60%]
src/fath/tests/unit/test_diff_boundary.py::test_base_sha_file_matches_governed_identity PASSED [ 60%]
src/fath/tests/unit/test_diff_boundary.py::test_a16_working_tree_boundary PASSED [ 61%]
src/fath/tests/unit/test_expected_tree.py::test_a5_rejects_nested_paths_under_single_level_globs PASSED [ 62%]
src/fath/tests/unit/test_expected_tree.py::test_a5_permits_immediate_children_of_single_level_globs PASSED [ 62%]
src/fath/tests/unit/test_expected_tree.py::test_expected_tree_conformance PASSED [ 63%]
src/fath/tests/unit/test_migration_dml_discipline.py::test_every_real_migration_file_passes PASSED [ 64%]
src/fath/tests/unit/test_migration_dml_discipline.py::test_every_negative_fixture_n1_through_n18_fails PASSED [ 64%]
src/fath/tests/unit/test_migration_dml_discipline.py::test_statement_allowlist_probes_are_rejected PASSED [ 65%]
src/fath/tests/unit/test_migration_dml_discipline.py::test_r4_regex_misses_impl008_forms_allowlist_still_rejects PASSED [ 66%]
src/fath/tests/unit/test_migration_dml_discipline.py::test_reviewer_bypass_probes_are_rejected PASSED [ 66%]
src/fath/tests/unit/test_migration_dml_discipline.py::test_sql_token_evasion_probes_are_rejected PASSED [ 67%]
src/fath/tests/unit/test_migration_dml_discipline.py::test_legitimate_ddl_corpus_passes PASSED [ 68%]
src/fath/tests/unit/test_migration_dml_discipline.py::test_negative_fixture_files_are_not_collected_as_python PASSED [ 68%]
src/fath/tests/unit/test_settings.py::test_settings_loads_exactly_three_keys PASSED [ 69%]
src/fath/tests/unit/test_settings.py::test_settings_forbids_extra_fields PASSED [ 70%]
src/fath/tests/unit/test_settings.py::test_settings_requires_all_three PASSED [ 71%]
src/fath/tests/unit/test_source_registry_contract.py::test_golden_positive_validates PASSED [ 71%]
src/fath/tests/unit/test_source_registry_contract.py::test_doc03_field_defaults PASSED [ 72%]
src/fath/tests/unit/test_source_registry_contract.py::test_altered_default_fails_oracle[allowed_paths] PASSED [ 73%]
src/fath/tests/unit/test_source_registry_contract.py::test_altered_default_fails_oracle[api_base_url] PASSED [ 73%]
src/fath/tests/unit/test_source_registry_contract.py::test_altered_default_fails_oracle[auth_requirement] PASSED [ 74%]
src/fath/tests/unit/test_source_registry_contract.py::test_altered_default_fails_oracle[country_scope] PASSED [ 75%]
src/fath/tests/unit/test_source_registry_contract.py::test_altered_default_fails_oracle[data_quality_notes] PASSED [ 75%]
src/fath/tests/unit/test_source_registry_contract.py::test_altered_default_fails_oracle[disallowed_paths] PASSED [ 76%]
src/fath/tests/unit/test_source_registry_contract.py::test_altered_default_fails_oracle[enabled] PASSED [ 77%]
src/fath/tests/unit/test_source_registry_contract.py::test_altered_default_fails_oracle[independence_group] PASSED [ 77%]
src/fath/tests/unit/test_source_registry_contract.py::test_altered_default_fails_oracle[language_codes] PASSED [ 78%]
src/fath/tests/unit/test_source_registry_contract.py::test_altered_default_fails_oracle[last_access_review_at] PASSED [ 79%]
src/fath/tests/unit/test_source_registry_contract.py::test_altered_default_fails_oracle[legal_notes] PASSED [ 80%]
src/fath/tests/unit/test_source_registry_contract.py::test_altered_default_fails_oracle[max_bytes_per_cycle] PASSED [ 80%]
src/fath/tests/unit/test_source_registry_contract.py::test_altered_default_fails_oracle[max_pages_per_cycle] PASSED [ 81%]
src/fath/tests/unit/test_source_registry_contract.py::test_altered_default_fails_oracle[max_requests_per_minute] PASSED [ 82%]
src/fath/tests/unit/test_source_registry_contract.py::test_altered_default_fails_oracle[metadata] PASSED [ 82%]
src/fath/tests/unit/test_source_registry_contract.py::test_altered_default_fails_oracle[reliability_prior] PASSED [ 83%]
src/fath/tests/unit/test_source_registry_contract.py::test_altered_default_fails_oracle[robots_status] PASSED [ 84%]
src/fath/tests/unit/test_source_registry_contract.py::test_altered_default_fails_oracle[robots_url] PASSED [ 84%]
src/fath/tests/unit/test_source_registry_contract.py::test_altered_default_fails_oracle[status] PASSED [ 85%]
src/fath/tests/unit/test_source_registry_contract.py::test_altered_default_fails_oracle[strategic_relevance_score] PASSED [ 86%]
src/fath/tests/unit/test_source_registry_contract.py::test_altered_default_fails_oracle[subscription_name] PASSED [ 86%]
src/fath/tests/unit/test_source_registry_contract.py::test_altered_default_fails_oracle[terms_url] PASSED [ 87%]
src/fath/tests/unit/test_source_registry_contract.py::test_altered_default_fails_oracle[topic_scope] PASSED [ 88%]
src/fath/tests/unit/test_source_registry_contract.py::test_altered_default_fails_oracle[update_frequency_hint] PASSED [ 88%]
src/fath/tests/unit/test_source_registry_contract.py::test_missing_required_field_rejected PASSED [ 89%]
src/fath/tests/unit/test_source_registry_contract.py::test_null_required_name_rejected PASSED [ 90%]
src/fath/tests/unit/test_source_registry_contract.py::test_invalid_enum_rejected PASSED [ 91%]
src/fath/tests/unit/test_source_registry_contract.py::test_invalid_url_rejected PASSED [ 91%]
src/fath/tests/unit/test_source_registry_contract.py::test_invalid_status_rejected PASSED [ 92%]
src/fath/tests/unit/test_source_registry_contract.py::test_missing_slug_rejected PASSED [ 93%]
src/fath/tests/unit/test_source_registry_contract.py::test_reliability_prior_accepts_bounds[0] PASSED [ 93%]
src/fath/tests/unit/test_source_registry_contract.py::test_reliability_prior_accepts_bounds[1] PASSED [ 94%]
src/fath/tests/unit/test_source_registry_contract.py::test_reliability_prior_rejects_outside[-0.001] PASSED [ 95%]
src/fath/tests/unit/test_source_registry_contract.py::test_reliability_prior_rejects_outside[1.001] PASSED [ 95%]
src/fath/tests/unit/test_source_registry_contract.py::test_strategic_relevance_accepts_bounds[0] PASSED [ 96%]
src/fath/tests/unit/test_source_registry_contract.py::test_strategic_relevance_accepts_bounds[1] PASSED [ 97%]
src/fath/tests/unit/test_source_registry_contract.py::test_strategic_relevance_rejects_outside[-0.001] PASSED [ 97%]
src/fath/tests/unit/test_source_registry_contract.py::test_strategic_relevance_rejects_outside[1.001] PASSED [ 98%]
src/fath/tests/unit/test_source_registry_contract.py::test_conint_accepts_zero PASSED [ 99%]
src/fath/tests/unit/test_source_registry_contract.py::test_conint_rejects_negative PASSED [100%]

============================= 145 passed in 1.14s ==============================
